0 info it worked if it ends with ok
1 verbose cli [ '/usr/bin/node', '/usr/bin/npm', 'run', 'db' ]
2 info using npm@3.5.2
3 info using node@v8.10.0
4 verbose run-script [ 'predb', 'db', 'postdb' ]
5 info lifecycle quiz-website@1.0.0~predb: quiz-website@1.0.0
6 silly lifecycle quiz-website@1.0.0~predb: no script for predb, continuing
7 info lifecycle quiz-website@1.0.0~db: quiz-website@1.0.0
8 verbose lifecycle quiz-website@1.0.0~db: unsafe-perm in lifecycle true
9 verbose lifecycle quiz-website@1.0.0~db: PATH: /usr/share/npm/bin/node-gyp-bin:/home/weylin/chemistry-of-virtues/node_modules/.bin:/usr/local/sbin:/usr/local/bin:/usr/sbin:/usr/bin:/sbin:/bin:/usr/games:/usr/local/games:/snap/bin
10 verbose lifecycle quiz-website@1.0.0~db: CWD: /home/weylin/chemistry-of-virtues
11 silly lifecycle quiz-website@1.0.0~db: Args: [ '-c',
11 silly lifecycle   '/home/weylin/mongodb/bin/mongod --dbpath=/home/weylin/mongodb-data' ]
12 silly lifecycle quiz-website@1.0.0~db: Returned: code: 1  signal: null
13 info lifecycle quiz-website@1.0.0~db: Failed to exec db script
14 verbose stack Error: quiz-website@1.0.0 db: `/home/weylin/mongodb/bin/mongod --dbpath=/home/weylin/mongodb-data`
14 verbose stack Exit status 1
14 verbose stack     at EventEmitter.<anonymous> (/usr/share/npm/lib/utils/lifecycle.js:232:16)
14 verbose stack     at emitTwo (events.js:126:13)
14 verbose stack     at EventEmitter.emit (events.js:214:7)
14 verbose stack     at ChildProcess.<anonymous> (/usr/share/npm/lib/utils/spawn.js:24:14)
14 verbose stack     at emitTwo (events.js:126:13)
14 verbose stack     at ChildProcess.emit (events.js:214:7)
14 verbose stack     at maybeClose (internal/child_process.js:925:16)
14 verbose stack     at Process.ChildProcess._handle.onexit (internal/child_process.js:209:5)
15 verbose pkgid quiz-website@1.0.0
16 verbose cwd /home/weylin/chemistry-of-virtues
17 error Linux 5.3.0-28-generic
18 error argv "/usr/bin/node" "/usr/bin/npm" "run" "db"
19 error node v8.10.0
20 error npm  v3.5.2
21 error code ELIFECYCLE
22 error quiz-website@1.0.0 db: `/home/weylin/mongodb/bin/mongod --dbpath=/home/weylin/mongodb-data`
22 error Exit status 1
23 error Failed at the quiz-website@1.0.0 db script '/home/weylin/mongodb/bin/mongod --dbpath=/home/weylin/mongodb-data'.
23 error Make sure you have the latest version of node.js and npm installed.
23 error If you do, this is most likely a problem with the quiz-website package,
23 error not with npm itself.
23 error Tell the author that this fails on your system:
23 error     /home/weylin/mongodb/bin/mongod --dbpath=/home/weylin/mongodb-data
23 error You can get information on how to open an issue for this project with:
23 error     npm bugs quiz-website
23 error Or if that isn't available, you can get their info via:
23 error     npm owner ls quiz-website
23 error There is likely additional logging output above.
24 verbose exit [ 1, true ]
